/home/shibin/ros2_ws/install/py_launch_example/lib/python3.10/site-packages/py_launch_example/__init__.py
/home/shibin/ros2_ws/install/py_launch_example/lib/python3.10/site-packages/py_launch_example/__pycache__/__init__.cpython-310.pyc
/home/shibin/ros2_ws/install/py_launch_example/share/ament_index/resource_index/packages/py_launch_example
/home/shibin/ros2_ws/install/py_launch_example/share/py_launch_example/package.xml
/home/shibin/ros2_ws/install/py_launch_example/share/py_launch_example/launch/iris_ardu_indo.py
/home/shibin/ros2_ws/install/py_launch_example/share/py_launch_example/launch/drone_gazebo_launch.py
/home/shibin/ros2_ws/install/py_launch_example/share/py_launch_example/launch/wildthumper_playpen.launch.py
/home/shibin/ros2_ws/install/py_launch_example/share/py_launch_example/launch/my_script_launch.py
/home/shibin/ros2_ws/install/py_launch_example/share/py_launch_example/launch/iris_maze.launch.py
/home/shibin/ros2_ws/install/py_launch_example/share/py_launch_example/launch/iris_runway.launch.py
/home/shibin/ros2_ws/install/py_launch_example/share/py_launch_example/worlds/world.sdf
/home/shibin/ros2_ws/install/py_launch_example/share/py_launch_example/worlds/zephyr_parachute.sdf
/home/shibin/ros2_ws/install/py_launch_example/share/py_launch_example/worlds/harmonic.sdf
/home/shibin/ros2_ws/install/py_launch_example/share/py_launch_example/worlds/iris_runway.sdf
/home/shibin/ros2_ws/install/py_launch_example/share/py_launch_example/worlds/tugbot_warehouse.sdf
/home/shibin/ros2_ws/install/py_launch_example/share/py_launch_example/worlds/wildthumper_playpen.sdf
/home/shibin/ros2_ws/install/py_launch_example/share/py_launch_example/worlds/world_lakehouse.sdf
/home/shibin/ros2_ws/install/py_launch_example/share/py_launch_example/worlds/iris_maze.sdf
/home/shibin/ros2_ws/install/py_launch_example/share/py_launch_example/worlds/gimbal.sdf
/home/shibin/ros2_ws/install/py_launch_example/share/py_launch_example/worlds/zephyr_runway.sdf
/home/shibin/ros2_ws/install/py_launch_example/share/py_launch_example/worlds/training_env.sdf
/home/shibin/ros2_ws/install/py_launch_example/share/py_launch_example/worlds/iris_warehouse.sdf
/home/shibin/ros2_ws/install/py_launch_example/share/py_launch_example/config/iris_bridge.yaml
/home/shibin/ros2_ws/install/py_launch_example/share/py_launch_example/config/ros_gz_example_bridge.yaml
/home/shibin/ros2_ws/install/py_launch_example/share/py_launch_example/config/iris_lidar_bridge.yaml
/home/shibin/ros2_ws/install/py_launch_example/share/py_launch_example/config/wildthumper_bridge.yaml
/home/shibin/ros2_ws/install/py_launch_example/share/py_launch_example/rviz/iris.rviz
/home/shibin/ros2_ws/install/py_launch_example/share/py_launch_example/rviz/iris_with_lidar.rviz
/home/shibin/ros2_ws/install/py_launch_example/share/py_launch_example/rviz/drone_sensors.rviz
/home/shibin/ros2_ws/install/py_launch_example/share/py_launch_example/rviz/wildthumper.rviz
/home/shibin/ros2_ws/install/py_launch_example/share/py_launch_example/models
/home/shibin/ros2_ws/install/py_launch_example/share/py_launch_example/urdff/iris_placeholder.urdf
/home/shibin/ros2_ws/install/py_launch_example/lib/python3.10/site-packages/py_launch_example-0.0.0-py3.10.egg-info/dependency_links.txt
/home/shibin/ros2_ws/install/py_launch_example/lib/python3.10/site-packages/py_launch_example-0.0.0-py3.10.egg-info/requires.txt
/home/shibin/ros2_ws/install/py_launch_example/lib/python3.10/site-packages/py_launch_example-0.0.0-py3.10.egg-info/SOURCES.txt
/home/shibin/ros2_ws/install/py_launch_example/lib/python3.10/site-packages/py_launch_example-0.0.0-py3.10.egg-info/PKG-INFO
/home/shibin/ros2_ws/install/py_launch_example/lib/python3.10/site-packages/py_launch_example-0.0.0-py3.10.egg-info/top_level.txt
/home/shibin/ros2_ws/install/py_launch_example/lib/python3.10/site-packages/py_launch_example-0.0.0-py3.10.egg-info/zip-safe
