[2.286s] Invoking command in '/home/shibin/ros2_ws/src/py_launch_example': PYTHONPATH=/home/shibin/ros2_ws/build/py_launch_example/prefix_override:/usr/lib/python3/dist-packages/colcon_core/task/python/colcon_distutils_commands:/home/shibin/ros2_ws/install/py_launch_example/lib/python3.10/site-packages:${PYTHONPATH} /usr/bin/python3 -W ignore:setup.py install is deprecated setup.py egg_info --egg-base ../../build/py_launch_example build --build-base /home/shibin/ros2_ws/build/py_launch_example/build install --record /home/shibin/ros2_ws/build/py_launch_example/install.log --single-version-externally-managed install_data
[3.013s] running egg_info
[3.064s] writing ../../build/py_launch_example/py_launch_example.egg-info/PKG-INFO
[3.065s] writing dependency_links to ../../build/py_launch_example/py_launch_example.egg-info/dependency_links.txt
[3.065s] writing requirements to ../../build/py_launch_example/py_launch_example.egg-info/requires.txt
[3.065s] writing top-level names to ../../build/py_launch_example/py_launch_example.egg-info/top_level.txt
[3.162s] reading manifest file '../../build/py_launch_example/py_launch_example.egg-info/SOURCES.txt'
[3.163s] adding license file 'LICENSE'
[3.166s] writing manifest file '../../build/py_launch_example/py_launch_example.egg-info/SOURCES.txt'
[3.167s] running build
[3.167s] running build_py
[3.167s] copying py_launch_example/__init__.py -> /home/shibin/ros2_ws/build/py_launch_example/build/lib/py_launch_example
[3.167s] running install
[3.181s] running install_lib
[3.236s] running install_data
[3.237s] copying resource/py_launch_example -> /home/shibin/ros2_ws/install/py_launch_example/share/ament_index/resource_index/packages
[3.237s] copying package.xml -> /home/shibin/ros2_ws/install/py_launch_example/share/py_launch_example
[3.237s] copying launch/iris_ardu_indo.py -> /home/shibin/ros2_ws/install/py_launch_example/share/py_launch_example/launch
[3.237s] copying launch/drone_gazebo_launch.py -> /home/shibin/ros2_ws/install/py_launch_example/share/py_launch_example/launch
[3.238s] copying launch/wildthumper_playpen.launch.py -> /home/shibin/ros2_ws/install/py_launch_example/share/py_launch_example/launch
[3.238s] copying launch/my_script_launch.py -> /home/shibin/ros2_ws/install/py_launch_example/share/py_launch_example/launch
[3.239s] copying launch/iris_maze.launch.py -> /home/shibin/ros2_ws/install/py_launch_example/share/py_launch_example/launch
[3.239s] copying launch/iris_runway.launch.py -> /home/shibin/ros2_ws/install/py_launch_example/share/py_launch_example/launch
[3.241s] copying worlds/world.sdf -> /home/shibin/ros2_ws/install/py_launch_example/share/py_launch_example/worlds
[3.247s] copying worlds/zephyr_parachute.sdf -> /home/shibin/ros2_ws/install/py_launch_example/share/py_launch_example/worlds
[3.247s] copying worlds/harmonic.sdf -> /home/shibin/ros2_ws/install/py_launch_example/share/py_launch_example/worlds
[3.247s] copying worlds/iris_runway.sdf -> /home/shibin/ros2_ws/install/py_launch_example/share/py_launch_example/worlds
[3.247s] copying worlds/tugbot_warehouse.sdf -> /home/shibin/ros2_ws/install/py_launch_example/share/py_launch_example/worlds
[3.247s] copying worlds/wildthumper_playpen.sdf -> /home/shibin/ros2_ws/install/py_launch_example/share/py_launch_example/worlds
[3.247s] copying worlds/world_lakehouse.sdf -> /home/shibin/ros2_ws/install/py_launch_example/share/py_launch_example/worlds
[3.248s] copying worlds/iris_maze.sdf -> /home/shibin/ros2_ws/install/py_launch_example/share/py_launch_example/worlds
[3.248s] copying worlds/gimbal.sdf -> /home/shibin/ros2_ws/install/py_launch_example/share/py_launch_example/worlds
[3.248s] copying worlds/zephyr_runway.sdf -> /home/shibin/ros2_ws/install/py_launch_example/share/py_launch_example/worlds
[3.248s] copying worlds/training_env.sdf -> /home/shibin/ros2_ws/install/py_launch_example/share/py_launch_example/worlds
[3.249s] copying worlds/iris_warehouse.sdf -> /home/shibin/ros2_ws/install/py_launch_example/share/py_launch_example/worlds
[3.249s] copying config/iris_bridge.yaml -> /home/shibin/ros2_ws/install/py_launch_example/share/py_launch_example/config
[3.249s] copying config/ros_gz_example_bridge.yaml -> /home/shibin/ros2_ws/install/py_launch_example/share/py_launch_example/config
[3.249s] copying config/iris_lidar_bridge.yaml -> /home/shibin/ros2_ws/install/py_launch_example/share/py_launch_example/config
[3.249s] copying config/wildthumper_bridge.yaml -> /home/shibin/ros2_ws/install/py_launch_example/share/py_launch_example/config
[3.250s] copying rviz/iris.rviz -> /home/shibin/ros2_ws/install/py_launch_example/share/py_launch_example/rviz
[3.250s] copying rviz/iris_with_lidar.rviz -> /home/shibin/ros2_ws/install/py_launch_example/share/py_launch_example/rviz
[3.250s] copying rviz/drone_sensors.rviz -> /home/shibin/ros2_ws/install/py_launch_example/share/py_launch_example/rviz
[3.250s] copying rviz/wildthumper.rviz -> /home/shibin/ros2_ws/install/py_launch_example/share/py_launch_example/rviz
[3.251s] running install_egg_info
[3.311s] removing '/home/shibin/ros2_ws/install/py_launch_example/lib/python3.10/site-packages/py_launch_example-0.0.0-py3.10.egg-info' (and everything under it)
[3.312s] Copying ../../build/py_launch_example/py_launch_example.egg-info to /home/shibin/ros2_ws/install/py_launch_example/lib/python3.10/site-packages/py_launch_example-0.0.0-py3.10.egg-info
[3.313s] running install_scripts
[3.731s] writing list of installed files to '/home/shibin/ros2_ws/build/py_launch_example/install.log'
[3.787s] Invoked command in '/home/shibin/ros2_ws/src/py_launch_example' returned '0': PYTHONPATH=/home/shibin/ros2_ws/build/py_launch_example/prefix_override:/usr/lib/python3/dist-packages/colcon_core/task/python/colcon_distutils_commands:/home/shibin/ros2_ws/install/py_launch_example/lib/python3.10/site-packages:${PYTHONPATH} /usr/bin/python3 -W ignore:setup.py install is deprecated setup.py egg_info --egg-base ../../build/py_launch_example build --build-base /home/shibin/ros2_ws/build/py_launch_example/build install --record /home/shibin/ros2_ws/build/py_launch_example/install.log --single-version-externally-managed install_data
