[0.616s] DEBUG:colcon:Command line arguments: ['/usr/bin/colcon', 'build']
[0.616s] DEBUG:colcon:Parsed command line arguments: Namespace(log_base=None, log_level=None, verb_name='build', build_base='build', install_base='install', merge_install=False, symlink_install=False, test_result_base=None, continue_on_error=False, executor='parallel', parallel_workers=8, event_handlers=None, ignore_user_meta=False, metas=['./colcon.meta'], base_paths=['.'], packages_ignore=None, packages_ignore_regex=None, paths=None, packages_up_to=None, packages_up_to_regex=None, packages_above=None, packages_above_and_dependencies=None, packages_above_depth=None, packages_select_by_dep=None, packages_skip_by_dep=None, packages_skip_up_to=None, packages_select_build_failed=False, packages_skip_build_finished=False, packages_select_test_failures=False, packages_skip_test_passed=False, packages_select=None, packages_skip=None, packages_select_regex=None, packages_skip_regex=None, packages_start=None, packages_end=None, allow_overriding=[], cmake_args=None, cmake_target=None, cmake_target_skip_unavailable=False, cmake_clean_cache=False, cmake_clean_first=False, cmake_force_configure=False, ament_cmake_args=None, catkin_cmake_args=None, catkin_skip_building_tests=False, mixin_files=None, mixin=None, verb_parser=<colcon_mixin.mixin.mixin_argument.MixinArgumentDecorator object at 0x70f002157970>, verb_extension=<colcon_core.verb.build.BuildVerb object at 0x70f002101000>, main=<bound method BuildVerb.main of <colcon_core.verb.build.BuildVerb object at 0x70f002101000>>, mixin_verb=('build',))
[0.788s] Level 1:colcon.colcon_core.package_discovery:discover_packages(colcon_meta) check parameters
[0.789s] Level 1:colcon.colcon_core.package_discovery:discover_packages(recursive) check parameters
[0.789s] Level 1:colcon.colcon_core.package_discovery:discover_packages(ignore) check parameters
[0.789s] Level 1:colcon.colcon_core.package_discovery:discover_packages(path) check parameters
[0.789s] Level 1:colcon.colcon_core.package_discovery:discover_packages(colcon_meta) discover
[0.789s] Level 1:colcon.colcon_core.package_discovery:discover_packages(recursive) discover
[0.789s] INFO:colcon.colcon_core.package_discovery:Crawling recursively for packages in '/home/shibin/ros2_ws'
[0.789s] Level 1:colcon.colcon_core.package_identification:_identify(.) by extensions ['ignore', 'ignore_ament_install']
[0.789s] Level 1:colcon.colcon_core.package_identification:_identify(.) by extension 'ignore'
[0.789s] Level 1:colcon.colcon_core.package_identification:_identify(.) by extension 'ignore_ament_install'
[0.790s] Level 1:colcon.colcon_core.package_identification:_identify(.) by extensions ['colcon_pkg']
[0.790s] Level 1:colcon.colcon_core.package_identification:_identify(.) by extension 'colcon_pkg'
[0.790s] Level 1:colcon.colcon_core.package_identification:_identify(.) by extensions ['colcon_meta']
[0.790s] Level 1:colcon.colcon_core.package_identification:_identify(.) by extension 'colcon_meta'
[0.790s] Level 1:colcon.colcon_core.package_identification:_identify(.) by extensions ['ros']
[0.790s] Level 1:colcon.colcon_core.package_identification:_identify(.) by extension 'ros'
[0.825s] Level 1:colcon.colcon_core.package_identification:_identify(.) by extensions ['cmake', 'python']
[0.825s] Level 1:colcon.colcon_core.package_identification:_identify(.) by extension 'cmake'
[0.825s] Level 1:colcon.colcon_core.package_identification:_identify(.) by extension 'python'
[0.825s] Level 1:colcon.colcon_core.package_identification:_identify(.) by extensions ['python_setup_py']
[0.825s] Level 1:colcon.colcon_core.package_identification:_identify(.) by extension 'python_setup_py'
[0.826s] Level 1:colcon.colcon_core.package_identification:_identify(build) by extensions ['ignore', 'ignore_ament_install']
[0.826s] Level 1:colcon.colcon_core.package_identification:_identify(build) by extension 'ignore'
[0.826s] Level 1:colcon.colcon_core.package_identification:_identify(build) ignored
[0.826s] Level 1:colcon.colcon_core.package_identification:_identify(install) by extensions ['ignore', 'ignore_ament_install']
[0.826s] Level 1:colcon.colcon_core.package_identification:_identify(install) by extension 'ignore'
[0.826s] Level 1:colcon.colcon_core.package_identification:_identify(install) ignored
[0.826s] Level 1:colcon.colcon_core.package_identification:_identify(log) by extensions ['ignore', 'ignore_ament_install']
[0.827s] Level 1:colcon.colcon_core.package_identification:_identify(log) by extension 'ignore'
[0.827s] Level 1:colcon.colcon_core.package_identification:_identify(log) ignored
[0.827s] Level 1:colcon.colcon_core.package_identification:_identify(logs) by extensions ['ignore', 'ignore_ament_install']
[0.827s] Level 1:colcon.colcon_core.package_identification:_identify(logs) by extension 'ignore'
[0.827s] Level 1:colcon.colcon_core.package_identification:_identify(logs) by extension 'ignore_ament_install'
[0.827s] Level 1:colcon.colcon_core.package_identification:_identify(logs) by extensions ['colcon_pkg']
[0.827s] Level 1:colcon.colcon_core.package_identification:_identify(logs) by extension 'colcon_pkg'
[0.827s] Level 1:colcon.colcon_core.package_identification:_identify(logs) by extensions ['colcon_meta']
[0.827s] Level 1:colcon.colcon_core.package_identification:_identify(logs) by extension 'colcon_meta'
[0.827s] Level 1:colcon.colcon_core.package_identification:_identify(logs) by extensions ['ros']
[0.827s] Level 1:colcon.colcon_core.package_identification:_identify(logs) by extension 'ros'
[0.827s] Level 1:colcon.colcon_core.package_identification:_identify(logs) by extensions ['cmake', 'python']
[0.827s] Level 1:colcon.colcon_core.package_identification:_identify(logs) by extension 'cmake'
[0.828s] Level 1:colcon.colcon_core.package_identification:_identify(logs) by extension 'python'
[0.828s] Level 1:colcon.colcon_core.package_identification:_identify(logs) by extensions ['python_setup_py']
[0.828s] Level 1:colcon.colcon_core.package_identification:_identify(logs) by extension 'python_setup_py'
[0.828s] Level 1:colcon.colcon_core.package_identification:_identify(src) by extensions ['ignore', 'ignore_ament_install']
[0.828s] Level 1:colcon.colcon_core.package_identification:_identify(src) by extension 'ignore'
[0.828s] Level 1:colcon.colcon_core.package_identification:_identify(src) by extension 'ignore_ament_install'
[0.828s] Level 1:colcon.colcon_core.package_identification:_identify(src) by extensions ['colcon_pkg']
[0.828s] Level 1:colcon.colcon_core.package_identification:_identify(src) by extension 'colcon_pkg'
[0.828s] Level 1:colcon.colcon_core.package_identification:_identify(src) by extensions ['colcon_meta']
[0.828s] Level 1:colcon.colcon_core.package_identification:_identify(src) by extension 'colcon_meta'
[0.828s] Level 1:colcon.colcon_core.package_identification:_identify(src) by extensions ['ros']
[0.829s] Level 1:colcon.colcon_core.package_identification:_identify(src) by extension 'ros'
[0.829s] Level 1:colcon.colcon_core.package_identification:_identify(src) by extensions ['cmake', 'python']
[0.829s] Level 1:colcon.colcon_core.package_identification:_identify(src) by extension 'cmake'
[0.829s] Level 1:colcon.colcon_core.package_identification:_identify(src) by extension 'python'
[0.829s] Level 1:colcon.colcon_core.package_identification:_identify(src) by extensions ['python_setup_py']
[0.829s] Level 1:colcon.colcon_core.package_identification:_identify(src) by extension 'python_setup_py'
[0.829s] Level 1:colcon.colcon_core.package_identification:_identify(src/py_launch_example) by extensions ['ignore', 'ignore_ament_install']
[0.829s] Level 1:colcon.colcon_core.package_identification:_identify(src/py_launch_example) by extension 'ignore'
[0.829s] Level 1:colcon.colcon_core.package_identification:_identify(src/py_launch_example) by extension 'ignore_ament_install'
[0.829s] Level 1:colcon.colcon_core.package_identification:_identify(src/py_launch_example) by extensions ['colcon_pkg']
[0.830s] Level 1:colcon.colcon_core.package_identification:_identify(src/py_launch_example) by extension 'colcon_pkg'
[0.830s] Level 1:colcon.colcon_core.package_identification:_identify(src/py_launch_example) by extensions ['colcon_meta']
[0.830s] Level 1:colcon.colcon_core.package_identification:_identify(src/py_launch_example) by extension 'colcon_meta'
[0.830s] Level 1:colcon.colcon_core.package_identification:_identify(src/py_launch_example) by extensions ['ros']
[0.830s] Level 1:colcon.colcon_core.package_identification:_identify(src/py_launch_example) by extension 'ros'
[0.837s] DEBUG:colcon.colcon_core.package_identification:Package 'src/py_launch_example' with type 'ros.ament_python' and name 'py_launch_example'
[0.837s] Level 1:colcon.colcon_core.package_identification:_identify(terrain) by extensions ['ignore', 'ignore_ament_install']
[0.838s] Level 1:colcon.colcon_core.package_identification:_identify(terrain) by extension 'ignore'
[0.838s] Level 1:colcon.colcon_core.package_identification:_identify(terrain) by extension 'ignore_ament_install'
[0.838s] Level 1:colcon.colcon_core.package_identification:_identify(terrain) by extensions ['colcon_pkg']
[0.838s] Level 1:colcon.colcon_core.package_identification:_identify(terrain) by extension 'colcon_pkg'
[0.838s] Level 1:colcon.colcon_core.package_identification:_identify(terrain) by extensions ['colcon_meta']
[0.838s] Level 1:colcon.colcon_core.package_identification:_identify(terrain) by extension 'colcon_meta'
[0.838s] Level 1:colcon.colcon_core.package_identification:_identify(terrain) by extensions ['ros']
[0.839s] Level 1:colcon.colcon_core.package_identification:_identify(terrain) by extension 'ros'
[0.839s] Level 1:colcon.colcon_core.package_identification:_identify(terrain) by extensions ['cmake', 'python']
[0.839s] Level 1:colcon.colcon_core.package_identification:_identify(terrain) by extension 'cmake'
[0.839s] Level 1:colcon.colcon_core.package_identification:_identify(terrain) by extension 'python'
[0.839s] Level 1:colcon.colcon_core.package_identification:_identify(terrain) by extensions ['python_setup_py']
[0.839s] Level 1:colcon.colcon_core.package_identification:_identify(terrain) by extension 'python_setup_py'
[0.839s] Level 1:colcon.colcon_core.package_discovery:discover_packages(recursive) using defaults
[0.839s] Level 1:colcon.colcon_core.package_discovery:discover_packages(ignore) discover
[0.839s] Level 1:colcon.colcon_core.package_discovery:discover_packages(ignore) using defaults
[0.840s] Level 1:colcon.colcon_core.package_discovery:discover_packages(path) discover
[0.840s] Level 1:colcon.colcon_core.package_discovery:discover_packages(path) using defaults
[0.914s] Level 1:colcon.colcon_core.package_discovery:discover_packages(prefix_path) check parameters
[0.914s] Level 1:colcon.colcon_core.package_discovery:discover_packages(prefix_path) discover
[0.920s] DEBUG:colcon.colcon_installed_package_information.package_discovery:Found 1 installed packages in /home/shibin/ros2_ws/install
[0.924s] DEBUG:colcon.colcon_installed_package_information.package_discovery:Found 284 installed packages in /opt/ros/humble
[0.928s] Level 1:colcon.colcon_core.package_discovery:discover_packages(prefix_path) using defaults
[1.089s] Level 5:colcon.colcon_core.verb:set package 'py_launch_example' build argument 'cmake_args' from command line to 'None'
[1.089s] Level 5:colcon.colcon_core.verb:set package 'py_launch_example' build argument 'cmake_target' from command line to 'None'
[1.089s] Level 5:colcon.colcon_core.verb:set package 'py_launch_example' build argument 'cmake_target_skip_unavailable' from command line to 'False'
[1.089s] Level 5:colcon.colcon_core.verb:set package 'py_launch_example' build argument 'cmake_clean_cache' from command line to 'False'
[1.089s] Level 5:colcon.colcon_core.verb:set package 'py_launch_example' build argument 'cmake_clean_first' from command line to 'False'
[1.089s] Level 5:colcon.colcon_core.verb:set package 'py_launch_example' build argument 'cmake_force_configure' from command line to 'False'
[1.089s] Level 5:colcon.colcon_core.verb:set package 'py_launch_example' build argument 'ament_cmake_args' from command line to 'None'
[1.089s] Level 5:colcon.colcon_core.verb:set package 'py_launch_example' build argument 'catkin_cmake_args' from command line to 'None'
[1.089s] Level 5:colcon.colcon_core.verb:set package 'py_launch_example' build argument 'catkin_skip_building_tests' from command line to 'False'
[1.090s] DEBUG:colcon.colcon_core.verb:Building package 'py_launch_example' with the following arguments: {'ament_cmake_args': None, 'build_base': '/home/shibin/ros2_ws/build/py_launch_example', 'catkin_cmake_args': None, 'catkin_skip_building_tests': False, 'cmake_args': None, 'cmake_clean_cache': False, 'cmake_clean_first': False, 'cmake_force_configure': False, 'cmake_target': None, 'cmake_target_skip_unavailable': False, 'install_base': '/home/shibin/ros2_ws/install/py_launch_example', 'merge_install': False, 'path': '/home/shibin/ros2_ws/src/py_launch_example', 'symlink_install': False, 'test_result_base': None}
[1.090s] INFO:colcon.colcon_core.executor:Executing jobs using 'parallel' executor
[1.091s] DEBUG:colcon.colcon_parallel_executor.executor.parallel:run_until_complete
[1.092s] INFO:colcon.colcon_ros.task.ament_python.build:Building ROS package in '/home/shibin/ros2_ws/src/py_launch_example' with build type 'ament_python'
[1.092s] Level 1:colcon.colcon_core.shell:create_environment_hook('py_launch_example', 'ament_prefix_path')
[1.097s] INFO:colcon.colcon_core.plugin_system:Skipping extension 'colcon_core.shell.bat': Not used on non-Windows systems
[1.098s] INFO:colcon.colcon_core.shell:Creating environment hook '/home/shibin/ros2_ws/install/py_launch_example/share/py_launch_example/hook/ament_prefix_path.ps1'
[1.099s] INFO:colcon.colcon_core.shell:Creating environment descriptor '/home/shibin/ros2_ws/install/py_launch_example/share/py_launch_example/hook/ament_prefix_path.dsv'
[1.100s] INFO:colcon.colcon_core.shell:Creating environment hook '/home/shibin/ros2_ws/install/py_launch_example/share/py_launch_example/hook/ament_prefix_path.sh'
[1.101s] INFO:colcon.colcon_core.shell:Skip shell extension 'powershell' for command environment: Not usable outside of PowerShell
[1.102s] DEBUG:colcon.colcon_core.shell:Skip shell extension 'dsv' for command environment
[1.620s] INFO:colcon.colcon_core.task.python.build:Building Python package in '/home/shibin/ros2_ws/src/py_launch_example'
[1.621s] INFO:colcon.colcon_core.shell:Skip shell extension 'powershell' for command environment: Not usable outside of PowerShell
[1.621s] DEBUG:colcon.colcon_core.shell:Skip shell extension 'dsv' for command environment
[3.366s] DEBUG:colcon.colcon_core.event_handler.log_command:Invoking command in '/home/shibin/ros2_ws/src/py_launch_example': PYTHONPATH=/home/shibin/ros2_ws/build/py_launch_example/prefix_override:/usr/lib/python3/dist-packages/colcon_core/task/python/colcon_distutils_commands:/home/shibin/ros2_ws/install/py_launch_example/lib/python3.10/site-packages:${PYTHONPATH} /usr/bin/python3 -W ignore:setup.py install is deprecated setup.py egg_info --egg-base ../../build/py_launch_example build --build-base /home/shibin/ros2_ws/build/py_launch_example/build install --record /home/shibin/ros2_ws/build/py_launch_example/install.log --single-version-externally-managed install_data
[4.674s] DEBUG:colcon.colcon_core.event_handler.log_command:Invoked command in '/home/shibin/ros2_ws/src/py_launch_example' returned '0': PYTHONPATH=/home/shibin/ros2_ws/build/py_launch_example/prefix_override:/usr/lib/python3/dist-packages/colcon_core/task/python/colcon_distutils_commands:/home/shibin/ros2_ws/install/py_launch_example/lib/python3.10/site-packages:${PYTHONPATH} /usr/bin/python3 -W ignore:setup.py install is deprecated setup.py egg_info --egg-base ../../build/py_launch_example build --build-base /home/shibin/ros2_ws/build/py_launch_example/build install --record /home/shibin/ros2_ws/build/py_launch_example/install.log --single-version-externally-managed install_data
[4.684s] Level 1:colcon.colcon_core.environment:checking '/home/shibin/ros2_ws/install/py_launch_example' for CMake module files
[4.686s] Level 1:colcon.colcon_core.environment:checking '/home/shibin/ros2_ws/install/py_launch_example' for CMake config files
[4.690s] Level 1:colcon.colcon_core.environment:checking '/home/shibin/ros2_ws/install/py_launch_example/lib'
[4.691s] Level 1:colcon.colcon_core.environment:checking '/home/shibin/ros2_ws/install/py_launch_example/bin'
[4.691s] Level 1:colcon.colcon_core.environment:checking '/home/shibin/ros2_ws/install/py_launch_example/lib/pkgconfig/py_launch_example.pc'
[4.692s] Level 1:colcon.colcon_core.environment:checking '/home/shibin/ros2_ws/install/py_launch_example/lib/python3.10/site-packages'
[4.692s] Level 1:colcon.colcon_core.shell:create_environment_hook('py_launch_example', 'pythonpath')
[4.693s] INFO:colcon.colcon_core.shell:Creating environment hook '/home/shibin/ros2_ws/install/py_launch_example/share/py_launch_example/hook/pythonpath.ps1'
[4.694s] INFO:colcon.colcon_core.shell:Creating environment descriptor '/home/shibin/ros2_ws/install/py_launch_example/share/py_launch_example/hook/pythonpath.dsv'
[4.695s] INFO:colcon.colcon_core.shell:Creating environment hook '/home/shibin/ros2_ws/install/py_launch_example/share/py_launch_example/hook/pythonpath.sh'
[4.697s] Level 1:colcon.colcon_core.environment:checking '/home/shibin/ros2_ws/install/py_launch_example/bin'
[4.698s] Level 1:colcon.colcon_core.environment:create_environment_scripts_only(py_launch_example)
[4.699s] INFO:colcon.colcon_core.shell:Creating package script '/home/shibin/ros2_ws/install/py_launch_example/share/py_launch_example/package.ps1'
[4.702s] INFO:colcon.colcon_core.shell:Creating package descriptor '/home/shibin/ros2_ws/install/py_launch_example/share/py_launch_example/package.dsv'
[4.707s] INFO:colcon.colcon_core.shell:Creating package script '/home/shibin/ros2_ws/install/py_launch_example/share/py_launch_example/package.sh'
[4.712s] INFO:colcon.colcon_core.shell:Creating package script '/home/shibin/ros2_ws/install/py_launch_example/share/py_launch_example/package.bash'
[4.714s] INFO:colcon.colcon_core.shell:Creating package script '/home/shibin/ros2_ws/install/py_launch_example/share/py_launch_example/package.zsh'
[4.716s] Level 1:colcon.colcon_core.environment:create_file_with_runtime_dependencies(/home/shibin/ros2_ws/install/py_launch_example/share/colcon-core/packages/py_launch_example)
[4.717s] DEBUG:colcon.colcon_parallel_executor.executor.parallel:closing loop
[4.720s] DEBUG:colcon.colcon_parallel_executor.executor.parallel:loop closed
[4.720s] DEBUG:colcon.colcon_parallel_executor.executor.parallel:run_until_complete finished with '0'
[4.720s] DEBUG:colcon.colcon_core.event_reactor:joining thread
[4.746s] INFO:colcon.colcon_core.plugin_system:Skipping extension 'colcon_notification.desktop_notification.terminal_notifier': Not used on non-Darwin systems
[4.751s] INFO:colcon.colcon_core.plugin_system:Skipping extension 'colcon_notification.desktop_notification.win32': Not used on non-Windows systems
[4.751s] INFO:colcon.colcon_notification.desktop_notification:Sending desktop notification using 'notify2'
[4.831s] DEBUG:colcon.colcon_core.event_reactor:joined thread
[4.832s] INFO:colcon.colcon_core.shell:Creating prefix script '/home/shibin/ros2_ws/install/local_setup.ps1'
[4.834s] INFO:colcon.colcon_core.shell:Creating prefix util module '/home/shibin/ros2_ws/install/_local_setup_util_ps1.py'
[4.838s] INFO:colcon.colcon_core.shell:Creating prefix chain script '/home/shibin/ros2_ws/install/setup.ps1'
[4.840s] INFO:colcon.colcon_core.shell:Creating prefix script '/home/shibin/ros2_ws/install/local_setup.sh'
[4.842s] INFO:colcon.colcon_core.shell:Creating prefix util module '/home/shibin/ros2_ws/install/_local_setup_util_sh.py'
[4.843s] INFO:colcon.colcon_core.shell:Creating prefix chain script '/home/shibin/ros2_ws/install/setup.sh'
[4.845s] INFO:colcon.colcon_core.shell:Creating prefix script '/home/shibin/ros2_ws/install/local_setup.bash'
[4.846s] INFO:colcon.colcon_core.shell:Creating prefix chain script '/home/shibin/ros2_ws/install/setup.bash'
[4.849s] INFO:colcon.colcon_core.shell:Creating prefix script '/home/shibin/ros2_ws/install/local_setup.zsh'
[4.850s] INFO:colcon.colcon_core.shell:Creating prefix chain script '/home/shibin/ros2_ws/install/setup.zsh'
