[2.431s] Invoking command in '/home/shibin/ros2_ws/src/py_launch_example': PYTHONPATH=/home/shibin/ros2_ws/build/py_launch_example/prefix_override:/usr/lib/python3/dist-packages/colcon_core/task/python/colcon_distutils_commands:/home/shibin/ros2_ws/install/py_launch_example/lib/python3.10/site-packages:${PYTHONPATH} /usr/bin/python3 -W ignore:setup.py install is deprecated setup.py egg_info --egg-base ../../build/py_launch_example build --build-base /home/shibin/ros2_ws/build/py_launch_example/build install --record /home/shibin/ros2_ws/build/py_launch_example/install.log --single-version-externally-managed install_data
[3.130s] running egg_info
[3.180s] writing ../../build/py_launch_example/py_launch_example.egg-info/PKG-INFO
[3.180s] writing dependency_links to ../../build/py_launch_example/py_launch_example.egg-info/dependency_links.txt
[3.181s] writing requirements to ../../build/py_launch_example/py_launch_example.egg-info/requires.txt
[3.181s] writing top-level names to ../../build/py_launch_example/py_launch_example.egg-info/top_level.txt
[3.281s] reading manifest file '../../build/py_launch_example/py_launch_example.egg-info/SOURCES.txt'
[3.282s] adding license file 'LICENSE'
[3.285s] writing manifest file '../../build/py_launch_example/py_launch_example.egg-info/SOURCES.txt'
[3.285s] running build
[3.285s] running build_py
[3.290s] copying py_launch_example/__init__.py -> /home/shibin/ros2_ws/build/py_launch_example/build/lib/py_launch_example
[3.290s] running install
[3.300s] running install_lib
[3.337s] running install_data
[3.337s] copying resource/py_launch_example -> /home/shibin/ros2_ws/install/py_launch_example/share/ament_index/resource_index/packages
[3.338s] copying package.xml -> /home/shibin/ros2_ws/install/py_launch_example/share/py_launch_example
[3.338s] copying launch/iris_ardu_indo.py -> /home/shibin/ros2_ws/install/py_launch_example/share/py_launch_example/launch
[3.339s] copying launch/drone_gazebo_launch.py -> /home/shibin/ros2_ws/install/py_launch_example/share/py_launch_example/launch
[3.339s] copying launch/wildthumper_playpen.launch.py -> /home/shibin/ros2_ws/install/py_launch_example/share/py_launch_example/launch
[3.340s] copying launch/my_script_launch.py -> /home/shibin/ros2_ws/install/py_launch_example/share/py_launch_example/launch
[3.340s] copying launch/iris_maze.launch.py -> /home/shibin/ros2_ws/install/py_launch_example/share/py_launch_example/launch
[3.340s] copying launch/iris_runway.launch.py -> /home/shibin/ros2_ws/install/py_launch_example/share/py_launch_example/launch
[3.341s] copying worlds/world.sdf -> /home/shibin/ros2_ws/install/py_launch_example/share/py_launch_example/worlds
[3.344s] copying worlds/zephyr_parachute.sdf -> /home/shibin/ros2_ws/install/py_launch_example/share/py_launch_example/worlds
[3.345s] copying worlds/harmonic.sdf -> /home/shibin/ros2_ws/install/py_launch_example/share/py_launch_example/worlds
[3.345s] copying worlds/iris_runway.sdf -> /home/shibin/ros2_ws/install/py_launch_example/share/py_launch_example/worlds
[3.345s] copying worlds/tugbot_warehouse.sdf -> /home/shibin/ros2_ws/install/py_launch_example/share/py_launch_example/worlds
[3.346s] copying worlds/wildthumper_playpen.sdf -> /home/shibin/ros2_ws/install/py_launch_example/share/py_launch_example/worlds
[3.346s] copying worlds/world_lakehouse.sdf -> /home/shibin/ros2_ws/install/py_launch_example/share/py_launch_example/worlds
[3.346s] copying worlds/iris_maze.sdf -> /home/shibin/ros2_ws/install/py_launch_example/share/py_launch_example/worlds
[3.347s] copying worlds/gimbal.sdf -> /home/shibin/ros2_ws/install/py_launch_example/share/py_launch_example/worlds
[3.347s] copying worlds/zephyr_runway.sdf -> /home/shibin/ros2_ws/install/py_launch_example/share/py_launch_example/worlds
[3.347s] copying worlds/training_env.sdf -> /home/shibin/ros2_ws/install/py_launch_example/share/py_launch_example/worlds
[3.348s] copying worlds/iris_warehouse.sdf -> /home/shibin/ros2_ws/install/py_launch_example/share/py_launch_example/worlds
[3.348s] copying config/iris_bridge.yaml -> /home/shibin/ros2_ws/install/py_launch_example/share/py_launch_example/config
[3.348s] copying config/ros_gz_example_bridge.yaml -> /home/shibin/ros2_ws/install/py_launch_example/share/py_launch_example/config
[3.349s] copying config/iris_lidar_bridge.yaml -> /home/shibin/ros2_ws/install/py_launch_example/share/py_launch_example/config
[3.349s] copying config/wildthumper_bridge.yaml -> /home/shibin/ros2_ws/install/py_launch_example/share/py_launch_example/config
[3.350s] copying rviz/iris.rviz -> /home/shibin/ros2_ws/install/py_launch_example/share/py_launch_example/rviz
[3.350s] copying rviz/iris_with_lidar.rviz -> /home/shibin/ros2_ws/install/py_launch_example/share/py_launch_example/rviz
[3.350s] copying rviz/drone_sensors.rviz -> /home/shibin/ros2_ws/install/py_launch_example/share/py_launch_example/rviz
[3.351s] copying rviz/wildthumper.rviz -> /home/shibin/ros2_ws/install/py_launch_example/share/py_launch_example/rviz
[3.351s] running install_egg_info
[3.399s] removing '/home/shibin/ros2_ws/install/py_launch_example/lib/python3.10/site-packages/py_launch_example-0.0.0-py3.10.egg-info' (and everything under it)
[3.399s] Copying ../../build/py_launch_example/py_launch_example.egg-info to /home/shibin/ros2_ws/install/py_launch_example/lib/python3.10/site-packages/py_launch_example-0.0.0-py3.10.egg-info
[3.400s] running install_scripts
[3.784s] writing list of installed files to '/home/shibin/ros2_ws/build/py_launch_example/install.log'
[3.852s] Invoked command in '/home/shibin/ros2_ws/src/py_launch_example' returned '0': PYTHONPATH=/home/shibin/ros2_ws/build/py_launch_example/prefix_override:/usr/lib/python3/dist-packages/colcon_core/task/python/colcon_distutils_commands:/home/shibin/ros2_ws/install/py_launch_example/lib/python3.10/site-packages:${PYTHONPATH} /usr/bin/python3 -W ignore:setup.py install is deprecated setup.py egg_info --egg-base ../../build/py_launch_example build --build-base /home/shibin/ros2_ws/build/py_launch_example/build install --record /home/shibin/ros2_ws/build/py_launch_example/install.log --single-version-externally-managed install_data
