running egg_info
creating ../../build/py_launch_example/py_launch_example.egg-info
writing ../../build/py_launch_example/py_launch_example.egg-info/PKG-INFO
writing dependency_links to ../../build/py_launch_example/py_launch_example.egg-info/dependency_links.txt
writing requirements to ../../build/py_launch_example/py_launch_example.egg-info/requires.txt
writing top-level names to ../../build/py_launch_example/py_launch_example.egg-info/top_level.txt
writing manifest file '../../build/py_launch_example/py_launch_example.egg-info/SOURCES.txt'
reading manifest file '../../build/py_launch_example/py_launch_example.egg-info/SOURCES.txt'
adding license file 'LICENSE'
writing manifest file '../../build/py_launch_example/py_launch_example.egg-info/SOURCES.txt'
running build
running build_py
creating /home/shibin/ros2_ws/build/py_launch_example/build
creating /home/shibin/ros2_ws/build/py_launch_example/build/lib
creating /home/shibin/ros2_ws/build/py_launch_example/build/lib/py_launch_example
copying py_launch_example/__init__.py -> /home/shibin/ros2_ws/build/py_launch_example/build/lib/py_launch_example
running install
running install_lib
creating /home/shibin/ros2_ws/install/py_launch_example/lib/python3.10/site-packages/py_launch_example
copying /home/shibin/ros2_ws/build/py_launch_example/build/lib/py_launch_example/__init__.py -> /home/shibin/ros2_ws/install/py_launch_example/lib/python3.10/site-packages/py_launch_example
byte-compiling /home/shibin/ros2_ws/install/py_launch_example/lib/python3.10/site-packages/py_launch_example/__init__.py to __init__.cpython-310.pyc
running install_data
creating /home/shibin/ros2_ws/install/py_launch_example/share/ament_index
creating /home/shibin/ros2_ws/install/py_launch_example/share/ament_index/resource_index
creating /home/shibin/ros2_ws/install/py_launch_example/share/ament_index/resource_index/packages
copying resource/py_launch_example -> /home/shibin/ros2_ws/install/py_launch_example/share/ament_index/resource_index/packages
copying package.xml -> /home/shibin/ros2_ws/install/py_launch_example/share/py_launch_example
creating /home/shibin/ros2_ws/install/py_launch_example/share/py_launch_example/launch
copying launch/drone_gazebo_launch.py -> /home/shibin/ros2_ws/install/py_launch_example/share/py_launch_example/launch
copying launch/wildthumper_playpen.launch.py -> /home/shibin/ros2_ws/install/py_launch_example/share/py_launch_example/launch
copying launch/iris_maze.launchx.py -> /home/shibin/ros2_ws/install/py_launch_example/share/py_launch_example/launch
copying launch/my_script_launch.py -> /home/shibin/ros2_ws/install/py_launch_example/share/py_launch_example/launch
copying launch/iris_maze.launch.py -> /home/shibin/ros2_ws/install/py_launch_example/share/py_launch_example/launch
copying launch/iris_runway.launch.py -> /home/shibin/ros2_ws/install/py_launch_example/share/py_launch_example/launch
creating /home/shibin/ros2_ws/install/py_launch_example/share/py_launch_example/worlds
copying worlds/world.sdf -> /home/shibin/ros2_ws/install/py_launch_example/share/py_launch_example/worlds
copying worlds/zephyr_parachute.sdf -> /home/shibin/ros2_ws/install/py_launch_example/share/py_launch_example/worlds
copying worlds/harmonic.sdf -> /home/shibin/ros2_ws/install/py_launch_example/share/py_launch_example/worlds
copying worlds/iris_runway.sdf -> /home/shibin/ros2_ws/install/py_launch_example/share/py_launch_example/worlds
copying worlds/tugbot_warehouse.sdf -> /home/shibin/ros2_ws/install/py_launch_example/share/py_launch_example/worlds
copying worlds/wildthumper_playpen.sdf -> /home/shibin/ros2_ws/install/py_launch_example/share/py_launch_example/worlds
copying worlds/world_lakehouse.sdf -> /home/shibin/ros2_ws/install/py_launch_example/share/py_launch_example/worlds
copying worlds/iris_maze.sdf -> /home/shibin/ros2_ws/install/py_launch_example/share/py_launch_example/worlds
copying worlds/gimbal.sdf -> /home/shibin/ros2_ws/install/py_launch_example/share/py_launch_example/worlds
copying worlds/zephyr_runway.sdf -> /home/shibin/ros2_ws/install/py_launch_example/share/py_launch_example/worlds
copying worlds/training_env.sdf -> /home/shibin/ros2_ws/install/py_launch_example/share/py_launch_example/worlds
copying worlds/iris_warehouse.sdf -> /home/shibin/ros2_ws/install/py_launch_example/share/py_launch_example/worlds
creating /home/shibin/ros2_ws/install/py_launch_example/share/py_launch_example/config
copying config/iris_bridge.yaml -> /home/shibin/ros2_ws/install/py_launch_example/share/py_launch_example/config
copying config/ros_gz_example_bridge.yaml -> /home/shibin/ros2_ws/install/py_launch_example/share/py_launch_example/config
copying config/iris_lidar_bridge.yaml -> /home/shibin/ros2_ws/install/py_launch_example/share/py_launch_example/config
copying config/wildthumper_bridge.yaml -> /home/shibin/ros2_ws/install/py_launch_example/share/py_launch_example/config
creating /home/shibin/ros2_ws/install/py_launch_example/share/py_launch_example/rviz
copying rviz/iris.rviz -> /home/shibin/ros2_ws/install/py_launch_example/share/py_launch_example/rviz
copying rviz/iris_with_lidar.rviz -> /home/shibin/ros2_ws/install/py_launch_example/share/py_launch_example/rviz
copying rviz/drone_sensors.rviz -> /home/shibin/ros2_ws/install/py_launch_example/share/py_launch_example/rviz
copying rviz/wildthumper.rviz -> /home/shibin/ros2_ws/install/py_launch_example/share/py_launch_example/rviz
running install_egg_info
Copying ../../build/py_launch_example/py_launch_example.egg-info to /home/shibin/ros2_ws/install/py_launch_example/lib/python3.10/site-packages/py_launch_example-0.0.0-py3.10.egg-info
running install_scripts
writing list of installed files to '/home/shibin/ros2_ws/build/py_launch_example/install.log'
