[2.778s] Invoking command in '/home/shibin/ros2_ws/src/py_launch_example': PYTHONPATH=/home/shibin/ros2_ws/build/py_launch_example/prefix_override:/usr/lib/python3/dist-packages/colcon_core/task/python/colcon_distutils_commands:/home/shibin/ros2_ws/install/py_launch_example/lib/python3.10/site-packages:${PYTHONPATH} /usr/bin/python3 -W ignore:setup.py install is deprecated setup.py egg_info --egg-base ../../build/py_launch_example build --build-base /home/shibin/ros2_ws/build/py_launch_example/build install --record /home/shibin/ros2_ws/build/py_launch_example/install.log --single-version-externally-managed install_data
[3.769s] running egg_info
[3.770s] creating ../../build/py_launch_example/py_launch_example.egg-info
[3.841s] writing ../../build/py_launch_example/py_launch_example.egg-info/PKG-INFO
[3.842s] writing dependency_links to ../../build/py_launch_example/py_launch_example.egg-info/dependency_links.txt
[3.843s] writing requirements to ../../build/py_launch_example/py_launch_example.egg-info/requires.txt
[3.844s] writing top-level names to ../../build/py_launch_example/py_launch_example.egg-info/top_level.txt
[3.844s] writing manifest file '../../build/py_launch_example/py_launch_example.egg-info/SOURCES.txt'
[3.996s] reading manifest file '../../build/py_launch_example/py_launch_example.egg-info/SOURCES.txt'
[3.998s] adding license file 'LICENSE'
[3.999s] writing manifest file '../../build/py_launch_example/py_launch_example.egg-info/SOURCES.txt'
[4.001s] running build
[4.002s] running build_py
[4.003s] creating /home/shibin/ros2_ws/build/py_launch_example/build
[4.003s] creating /home/shibin/ros2_ws/build/py_launch_example/build/lib
[4.003s] creating /home/shibin/ros2_ws/build/py_launch_example/build/lib/py_launch_example
[4.003s] copying py_launch_example/__init__.py -> /home/shibin/ros2_ws/build/py_launch_example/build/lib/py_launch_example
[4.003s] running install
[4.020s] running install_lib
[4.085s] creating /home/shibin/ros2_ws/install/py_launch_example/lib/python3.10/site-packages/py_launch_example
[4.085s] copying /home/shibin/ros2_ws/build/py_launch_example/build/lib/py_launch_example/__init__.py -> /home/shibin/ros2_ws/install/py_launch_example/lib/python3.10/site-packages/py_launch_example
[4.087s] byte-compiling /home/shibin/ros2_ws/install/py_launch_example/lib/python3.10/site-packages/py_launch_example/__init__.py to __init__.cpython-310.pyc
[4.087s] running install_data
[4.088s] creating /home/shibin/ros2_ws/install/py_launch_example/share/ament_index
[4.088s] creating /home/shibin/ros2_ws/install/py_launch_example/share/ament_index/resource_index
[4.088s] creating /home/shibin/ros2_ws/install/py_launch_example/share/ament_index/resource_index/packages
[4.089s] copying resource/py_launch_example -> /home/shibin/ros2_ws/install/py_launch_example/share/ament_index/resource_index/packages
[4.089s] copying package.xml -> /home/shibin/ros2_ws/install/py_launch_example/share/py_launch_example
[4.089s] creating /home/shibin/ros2_ws/install/py_launch_example/share/py_launch_example/launch
[4.089s] copying launch/drone_gazebo_launch.py -> /home/shibin/ros2_ws/install/py_launch_example/share/py_launch_example/launch
[4.090s] copying launch/wildthumper_playpen.launch.py -> /home/shibin/ros2_ws/install/py_launch_example/share/py_launch_example/launch
[4.090s] copying launch/iris_maze.launchx.py -> /home/shibin/ros2_ws/install/py_launch_example/share/py_launch_example/launch
[4.091s] copying launch/my_script_launch.py -> /home/shibin/ros2_ws/install/py_launch_example/share/py_launch_example/launch
[4.091s] copying launch/iris_maze.launch.py -> /home/shibin/ros2_ws/install/py_launch_example/share/py_launch_example/launch
[4.091s] copying launch/iris_runway.launch.py -> /home/shibin/ros2_ws/install/py_launch_example/share/py_launch_example/launch
[4.092s] creating /home/shibin/ros2_ws/install/py_launch_example/share/py_launch_example/worlds
[4.092s] copying worlds/world.sdf -> /home/shibin/ros2_ws/install/py_launch_example/share/py_launch_example/worlds
[4.104s] copying worlds/zephyr_parachute.sdf -> /home/shibin/ros2_ws/install/py_launch_example/share/py_launch_example/worlds
[4.104s] copying worlds/harmonic.sdf -> /home/shibin/ros2_ws/install/py_launch_example/share/py_launch_example/worlds
[4.105s] copying worlds/iris_runway.sdf -> /home/shibin/ros2_ws/install/py_launch_example/share/py_launch_example/worlds
[4.105s] copying worlds/tugbot_warehouse.sdf -> /home/shibin/ros2_ws/install/py_launch_example/share/py_launch_example/worlds
[4.106s] copying worlds/wildthumper_playpen.sdf -> /home/shibin/ros2_ws/install/py_launch_example/share/py_launch_example/worlds
[4.107s] copying worlds/world_lakehouse.sdf -> /home/shibin/ros2_ws/install/py_launch_example/share/py_launch_example/worlds
[4.107s] copying worlds/iris_maze.sdf -> /home/shibin/ros2_ws/install/py_launch_example/share/py_launch_example/worlds
[4.108s] copying worlds/gimbal.sdf -> /home/shibin/ros2_ws/install/py_launch_example/share/py_launch_example/worlds
[4.109s] copying worlds/zephyr_runway.sdf -> /home/shibin/ros2_ws/install/py_launch_example/share/py_launch_example/worlds
[4.109s] copying worlds/training_env.sdf -> /home/shibin/ros2_ws/install/py_launch_example/share/py_launch_example/worlds
[4.110s] copying worlds/iris_warehouse.sdf -> /home/shibin/ros2_ws/install/py_launch_example/share/py_launch_example/worlds
[4.111s] creating /home/shibin/ros2_ws/install/py_launch_example/share/py_launch_example/config
[4.111s] copying config/iris_bridge.yaml -> /home/shibin/ros2_ws/install/py_launch_example/share/py_launch_example/config
[4.111s] copying config/ros_gz_example_bridge.yaml -> /home/shibin/ros2_ws/install/py_launch_example/share/py_launch_example/config
[4.112s] copying config/iris_lidar_bridge.yaml -> /home/shibin/ros2_ws/install/py_launch_example/share/py_launch_example/config
[4.112s] copying config/wildthumper_bridge.yaml -> /home/shibin/ros2_ws/install/py_launch_example/share/py_launch_example/config
[4.113s] creating /home/shibin/ros2_ws/install/py_launch_example/share/py_launch_example/rviz
[4.113s] copying rviz/iris.rviz -> /home/shibin/ros2_ws/install/py_launch_example/share/py_launch_example/rviz
[4.114s] copying rviz/iris_with_lidar.rviz -> /home/shibin/ros2_ws/install/py_launch_example/share/py_launch_example/rviz
[4.115s] copying rviz/drone_sensors.rviz -> /home/shibin/ros2_ws/install/py_launch_example/share/py_launch_example/rviz
[4.115s] copying rviz/wildthumper.rviz -> /home/shibin/ros2_ws/install/py_launch_example/share/py_launch_example/rviz
[4.116s] running install_egg_info
[4.186s] Copying ../../build/py_launch_example/py_launch_example.egg-info to /home/shibin/ros2_ws/install/py_launch_example/lib/python3.10/site-packages/py_launch_example-0.0.0-py3.10.egg-info
[4.188s] running install_scripts
[4.788s] writing list of installed files to '/home/shibin/ros2_ws/build/py_launch_example/install.log'
[4.851s] Invoked command in '/home/shibin/ros2_ws/src/py_launch_example' returned '0': PYTHONPATH=/home/shibin/ros2_ws/build/py_launch_example/prefix_override:/usr/lib/python3/dist-packages/colcon_core/task/python/colcon_distutils_commands:/home/shibin/ros2_ws/install/py_launch_example/lib/python3.10/site-packages:${PYTHONPATH} /usr/bin/python3 -W ignore:setup.py install is deprecated setup.py egg_info --egg-base ../../build/py_launch_example build --build-base /home/shibin/ros2_ws/build/py_launch_example/build install --record /home/shibin/ros2_ws/build/py_launch_example/install.log --single-version-externally-managed install_data
